Unity Editor version:    2021.1.27f1 (7e296a84045d)
Branch:                  2021.1/staging
Build type:              Release
Batch mode:              YES
macOS version:           Version 12.0.1 (Build 21A559)
Darwin version:          21.1.0
Architecture:            x86_64
Running under Rosetta:   YES
Available memory:        16384 MB
Using pre-set license
Pro License: NO
Pro License: NO

COMMAND LINE ARGUMENTS:
/Volumes/UnityDosyalari/SistemDosyalari/2021.1.27f1/Unity.app/Contents/MacOS/Unity
-adb2
-batchMode
-noUpm
-name
AssetImportWorker0
-projectPath
/Volumes/UnityDosyalari/UnityGitHubShare/GuideDog/GuideDog/Guide Dog
-logFile
Logs/AssetImportWorker0.log
-srvPort
59964
Successfully changed project path to: /Volumes/UnityDosyalari/UnityGitHubShare/GuideDog/GuideDog/Guide Dog
/Volumes/UnityDosyalari/UnityGitHubShare/GuideDog/GuideDog/Guide Dog
Using Asset Import Pipeline V2.
Refreshing native plugins compatible for Editor in 137.43 ms, found 4 plugins.
Preloading 0 native plugins for Editor in 0.00 ms.
Initialize engine version: 2021.1.27f1 (7e296a84045d)
[Subsystems] Discovering subsystems at path /Volumes/UnityDosyalari/SistemDosyalari/2021.1.27f1/Unity.app/Contents/Resources/UnitySubsystems
[Subsystems] Discovering subsystems at path /Volumes/UnityDosyalari/UnityGitHubShare/GuideDog/GuideDog/Guide Dog/Assets
GfxDevice: creating device client; threaded=0; jobified=0
2021-11-07 01:38:28.423 Unity[92054:3964268] (null) preferred device: Apple M1 (high power)
2021-11-07 01:38:28.423 Unity[92054:3964268] Metal devices available: 1
2021-11-07 01:38:28.423 Unity[92054:3964268] 0: Apple M1 (high power)
2021-11-07 01:38:28.423 Unity[92054:3964268] Using device Apple M1 (high power)
Initializing Metal device caps: Apple M1
Initialize mono
Mono path[0] = '/Volumes/UnityDosyalari/SistemDosyalari/2021.1.27f1/Unity.app/Contents/Managed'
Mono path[1] = '/Volumes/UnityDosyalari/SistemDosyalari/2021.1.27f1/Unity.app/Contents/MonoBleedingEdge/lib/mono/unityjit'
Mono config path = '/Volumes/UnityDosyalari/SistemDosyalari/2021.1.27f1/Unity.app/Contents/MonoBleedingEdge/etc'
Using monoOptions --debugger-agent=transport=dt_socket,embedding=1,server=y,suspend=n,address=127.0.0.1:56054
Begin MonoManager ReloadAssembly
Registering precompiled unity dll's ...
Register platform support module: /Volumes/UnityDosyalari/SistemDosyalari/2021.1.27f1/Unity.app/Contents/PlaybackEngines/MacStandaloneSupport/UnityEditor.OSXStandalone.Extensions.dll
Registered in 0.001773 seconds.
Native extension for OSXStandalone target not found
Refreshing native plugins compatible for Editor in 116.06 ms, found 4 plugins.
Preloading 0 native plugins for Editor in 0.00 ms.
Mono: successfully reloaded assembly
- Completed reload, in  2.217 seconds
Domain Reload Profiling:
	ReloadAssembly (2217ms)
		BeginReloadAssembly (118ms)
			ExecutionOrderSort (0ms)
			DisableScriptedObjects (0ms)
			BackupInstance (0ms)
			ReleaseScriptingObjects (0ms)
			CreateAndSetChildDomain (3ms)
		EndReloadAssembly (1183ms)
			LoadAssemblies (115ms)
			RebuildTransferFunctionScriptingTraits (0ms)
			SetupTypeCache (204ms)
			ReleaseScriptCaches (0ms)
			RebuildScriptCaches (43ms)
			SetupLoadedEditorAssemblies (786ms)
				LogAssemblyErrors (0ms)
				InitializePlatformSupportModulesInManaged (17ms)
				SetLoadedEditorAssemblies (1ms)
				RefreshPlugins (116ms)
				BeforeProcessingInitializeOnLoad (4ms)
				ProcessInitializeOnLoadAttributes (512ms)
				ProcessInitializeOnLoadMethodAttributes (135ms)
				AfterProcessingInitializeOnLoad (0ms)
				EditorAssembliesLoaded (1ms)
			ExecutionOrderSort2 (0ms)
			AwakeInstancesAfterBackupRestoration (0ms)
Platform modules already initialized, skipping
Registering precompiled user dll's ...
Registered in 0.009553 seconds.
Begin MonoManager ReloadAssembly
Native extension for OSXStandalone target not found
Refreshing native plugins compatible for Editor in 1.61 ms, found 4 plugins.
Preloading 0 native plugins for Editor in 0.00 ms.
Mono: successfully reloaded assembly
- Completed reload, in  3.629 seconds
Domain Reload Profiling:
	ReloadAssembly (3631ms)
		BeginReloadAssembly (275ms)
			ExecutionOrderSort (0ms)
			DisableScriptedObjects (36ms)
			BackupInstance (0ms)
			ReleaseScriptingObjects (0ms)
			CreateAndSetChildDomain (34ms)
		EndReloadAssembly (3260ms)
			LoadAssemblies (203ms)
			RebuildTransferFunctionScriptingTraits (0ms)
			SetupTypeCache (380ms)
			ReleaseScriptCaches (1ms)
			RebuildScriptCaches (70ms)
			SetupLoadedEditorAssemblies (2331ms)
				LogAssemblyErrors (0ms)
				InitializePlatformSupportModulesInManaged (15ms)
				SetLoadedEditorAssemblies (2ms)
				RefreshPlugins (2ms)
				BeforeProcessingInitializeOnLoad (124ms)
				ProcessInitializeOnLoadAttributes (2079ms)
				ProcessInitializeOnLoadMethodAttributes (108ms)
				AfterProcessingInitializeOnLoad (1ms)
				EditorAssembliesLoaded (0ms)
			ExecutionOrderSort2 (0ms)
			AwakeInstancesAfterBackupRestoration (34ms)
Platform modules already initialized, skipping
========================================================================
Worker process is ready to serve import requests
Launching external process: /Volumes/UnityDosyalari/SistemDosyalari/2021.1.27f1/Unity.app/Contents/Tools/UnityShaderCompiler
Launched and connected shader compiler UnityShaderCompiler after 0.07 seconds
Refreshing native plugins compatible for Editor in 1.26 ms, found 4 plugins.
Preloading 0 native plugins for Editor in 0.00 ms.
Unloading 2740 Unused Serialized files (Serialized files now loaded: 0)
System memory in use before: 288.6 MB.
System memory in use after: 288.9 MB.

Unloading 104 unused Assets to reduce memory usage. Loaded Objects now: 3158.
Total: 5.385625 ms (FindLiveObjects: 0.121667 ms CreateObjectMapping: 0.124958 ms MarkObjects: 5.066125 ms  DeleteObjects: 0.071916 ms)

AssetImportParameters requested are different than current active one (requested -> active):
  custom:video-decoder-ogg-theora: a1e56fd34408186e4bbccfd4996cb3dc -> 
  custom:container-muxer-webm: aa71ff27fc2769a1b78a27578f13a17b -> 
  custom:container-demuxer-webm: 4f35f7cbe854078d1ac9338744f61a02 -> 
  custom:container-demuxer-ogg: 62fdf1f143b41e24485cea50d1cbac27 -> 
  custom:video-encoder-webm-vp8: eb34c28f22e8b96e1ab97ce403110664 -> 
  custom:framework-osx-AVFoundation: e770b220cccbd017edd2c1fefb359320 -> 
  custom:video-decoder-webm-vp8: 9c59270c3fd7afecdb556c50c9e8de78 -> 
  custom:audio-decoder-ogg-vorbis: bf7c407c2cedff20999df2af8eb42d56 -> 
  custom:audio-encoder-webm-vorbis: bf7c407c2cedff20999df2af8eb42d56 -> 
========================================================================
Received Import Request.
  path: Assets/GUI Mobile Hyper-Casual/Sprites/Emojis PNG/PNG/Set Emojis-assets/26.png
  artifactKey: Guid(b66df13b3f4d74f45b86266a729c88d0) Importer(815301076,1909f56bfc062723c751e8b465ee728b)
Start importing Assets/GUI Mobile Hyper-Casual/Sprites/Emojis PNG/PNG/Set Emojis-assets/26.png using Guid(b66df13b3f4d74f45b86266a729c88d0) Importer(815301076,1909f56bfc062723c751e8b465ee728b)  -> (artifact id: '9eb8d9c507b58cf10a350835dce11030') in 0.486263 seconds 
========================================================================
Received Import Request.
  Time since last request: 0.000157 seconds.
  path: Assets/GUI Mobile Hyper-Casual/Sprites/Emojis PNG/PNG/Set Emojis-assets/10.png
  artifactKey: Guid(8c272547439a4d7418b6dc2c51eb352d) Importer(815301076,1909f56bfc062723c751e8b465ee728b)
Start importing Assets/GUI Mobile Hyper-Casual/Sprites/Emojis PNG/PNG/Set Emojis-assets/10.png using Guid(8c272547439a4d7418b6dc2c51eb352d) Importer(815301076,1909f56bfc062723c751e8b465ee728b)  -> (artifact id: 'd05ea3788735fd823b6e0a8b4caaf1c2') in 0.014241 seconds 
========================================================================
Received Import Request.
  Time since last request: 0.000325 seconds.
  path: Assets/GUI Mobile Hyper-Casual/Sprites/Emojis PNG/PNG/Set Emojis-assets/9.png
  artifactKey: Guid(5cd193c075943be488c797a89c2ca24f) Importer(815301076,1909f56bfc062723c751e8b465ee728b)
Start importing Assets/GUI Mobile Hyper-Casual/Sprites/Emojis PNG/PNG/Set Emojis-assets/9.png using Guid(5cd193c075943be488c797a89c2ca24f) Importer(815301076,1909f56bfc062723c751e8b465ee728b)  -> (artifact id: '88e1e1a57e8583b247cba83f7c3137a7') in 0.009052 seconds 
========================================================================
Received Import Request.
  Time since last request: 0.000214 seconds.
  path: Assets/GUI Mobile Hyper-Casual/Sprites/Emojis PNG/PNG/Set Emojis-assets/15.png
  artifactKey: Guid(4992c544364625746a20a5af651eec7b) Importer(815301076,1909f56bfc062723c751e8b465ee728b)
Start importing Assets/GUI Mobile Hyper-Casual/Sprites/Emojis PNG/PNG/Set Emojis-assets/15.png using Guid(4992c544364625746a20a5af651eec7b) Importer(815301076,1909f56bfc062723c751e8b465ee728b)  -> (artifact id: '63b75caf6175caf81b44a531309c6e34') in 0.009262 seconds 
========================================================================
Received Import Request.
  Time since last request: 0.000144 seconds.
  path: Assets/GUI Mobile Hyper-Casual/Sprites/Emojis PNG/PNG/Set Emojis-assets/19.png
  artifactKey: Guid(baef94ca28ecd3a4f8121d31ebea2e69) Importer(815301076,1909f56bfc062723c751e8b465ee728b)
Start importing Assets/GUI Mobile Hyper-Casual/Sprites/Emojis PNG/PNG/Set Emojis-assets/19.png using Guid(baef94ca28ecd3a4f8121d31ebea2e69) Importer(815301076,1909f56bfc062723c751e8b465ee728b)  -> (artifact id: '42bbf96f7c01a01a84096897a577e761') in 0.009704 seconds 
========================================================================
Received Import Request.
  Time since last request: 0.000166 seconds.
  path: Assets/GUI Mobile Hyper-Casual/Sprites/Emojis PNG/PNG/Set Emojis-assets/28.png
  artifactKey: Guid(ce6dc0dc87f039344ae273debbe85e0b) Importer(815301076,1909f56bfc062723c751e8b465ee728b)
Start importing Assets/GUI Mobile Hyper-Casual/Sprites/Emojis PNG/PNG/Set Emojis-assets/28.png using Guid(ce6dc0dc87f039344ae273debbe85e0b) Importer(815301076,1909f56bfc062723c751e8b465ee728b)  -> (artifact id: '5d879ae68cbb037399f3d70a49507863') in 0.009331 seconds 
========================================================================
Received Import Request.
  Time since last request: 0.000167 seconds.
  path: Assets/GUI Mobile Hyper-Casual/Sprites/Emojis PNG/PNG/Set Emojis-assets/27.png
  artifactKey: Guid(695efc9f83f4a3d4c911ad8e747c272d) Importer(815301076,1909f56bfc062723c751e8b465ee728b)
Start importing Assets/GUI Mobile Hyper-Casual/Sprites/Emojis PNG/PNG/Set Emojis-assets/27.png using Guid(695efc9f83f4a3d4c911ad8e747c272d) Importer(815301076,1909f56bfc062723c751e8b465ee728b)  -> (artifact id: 'ce38ddf69588707c36729ac4ebd2502f') in 0.009419 seconds 
========================================================================
Received Import Request.
  Time since last request: 0.000154 seconds.
  path: Assets/GUI Mobile Hyper-Casual/Sprites/Emojis PNG/PNG/Set Emojis-assets/6.png
  artifactKey: Guid(fea10c82e2efda148a60abbaa46f5ab0) Importer(815301076,1909f56bfc062723c751e8b465ee728b)
Start importing Assets/GUI Mobile Hyper-Casual/Sprites/Emojis PNG/PNG/Set Emojis-assets/6.png using Guid(fea10c82e2efda148a60abbaa46f5ab0) Importer(815301076,1909f56bfc062723c751e8b465ee728b)  -> (artifact id: '213f3fa13daba48330400a691913d6e8') in 0.008550 seconds 
========================================================================
Received Import Request.
  Time since last request: 0.000153 seconds.
  path: Assets/GUI Mobile Hyper-Casual/Sprites/Emojis PNG/PNG/Set Emojis-assets/22.png
  artifactKey: Guid(9815a49fde31ce447b9fcfbb768759c5) Importer(815301076,1909f56bfc062723c751e8b465ee728b)
Start importing Assets/GUI Mobile Hyper-Casual/Sprites/Emojis PNG/PNG/Set Emojis-assets/22.png using Guid(9815a49fde31ce447b9fcfbb768759c5) Importer(815301076,1909f56bfc062723c751e8b465ee728b)  -> (artifact id: '430657881bd4a3d57e644b7e9d2fff29') in 0.009885 seconds 
========================================================================
Received Import Request.
  Time since last request: 0.000139 seconds.
  path: Assets/GUI Mobile Hyper-Casual/Sprites/Emojis PNG/PNG/Set Emojis-assets/14.png
  artifactKey: Guid(3d4b8d692f8732e4eb54e74bcc9376ff) Importer(815301076,1909f56bfc062723c751e8b465ee728b)
Start importing Assets/GUI Mobile Hyper-Casual/Sprites/Emojis PNG/PNG/Set Emojis-assets/14.png using Guid(3d4b8d692f8732e4eb54e74bcc9376ff) Importer(815301076,1909f56bfc062723c751e8b465ee728b)  -> (artifact id: '7edbae77967fe6e7bffb052f87c12e3c') in 0.009447 seconds 
========================================================================
Received Import Request.
  Time since last request: 0.000223 seconds.
  path: Assets/GUI Mobile Hyper-Casual/Sprites/Emojis PNG/PNG/Set Emojis-assets/1.png
  artifactKey: Guid(ae8a5bdf1b3a4f646b47c8aeebd9d598) Importer(815301076,1909f56bfc062723c751e8b465ee728b)
Start importing Assets/GUI Mobile Hyper-Casual/Sprites/Emojis PNG/PNG/Set Emojis-assets/1.png using Guid(ae8a5bdf1b3a4f646b47c8aeebd9d598) Importer(815301076,1909f56bfc062723c751e8b465ee728b)  -> (artifact id: '3206715c5c593dc2ab7b9c0ddb330fee') in 0.010221 seconds 
========================================================================
Received Import Request.
  Time since last request: 0.000150 seconds.
  path: Assets/GUI Mobile Hyper-Casual/Sprites/Emojis PNG/PNG/Set Emojis-assets/12.png
  artifactKey: Guid(4071c70e9c546ba42b50accba370c1b2) Importer(815301076,1909f56bfc062723c751e8b465ee728b)
Start importing Assets/GUI Mobile Hyper-Casual/Sprites/Emojis PNG/PNG/Set Emojis-assets/12.png using Guid(4071c70e9c546ba42b50accba370c1b2) Importer(815301076,1909f56bfc062723c751e8b465ee728b)  -> (artifact id: '7b25a5a1a2f4ea45d229ec8616a2843f') in 0.009081 seconds 
========================================================================
Received Import Request.
  Time since last request: 0.000407 seconds.
  path: Assets/GUI Mobile Hyper-Casual/Sprites/Emojis PNG/PNG/Set Emojis-assets/20.png
  artifactKey: Guid(f2c11389488cdc64f9acc5ac8ee0cda4) Importer(815301076,1909f56bfc062723c751e8b465ee728b)
Start importing Assets/GUI Mobile Hyper-Casual/Sprites/Emojis PNG/PNG/Set Emojis-assets/20.png using Guid(f2c11389488cdc64f9acc5ac8ee0cda4) Importer(815301076,1909f56bfc062723c751e8b465ee728b)  -> (artifact id: '0cc29077c07d4668c984637cab0fecc1') in 0.009353 seconds 
========================================================================
Received Import Request.
  Time since last request: 0.000167 seconds.
  path: Assets/GUI Mobile Hyper-Casual/Sprites/Emojis PNG/PNG/Set Emojis-assets/13.png
  artifactKey: Guid(9cb8d048a1c36194ca1bfacc4e6408a8) Importer(815301076,1909f56bfc062723c751e8b465ee728b)
Start importing Assets/GUI Mobile Hyper-Casual/Sprites/Emojis PNG/PNG/Set Emojis-assets/13.png using Guid(9cb8d048a1c36194ca1bfacc4e6408a8) Importer(815301076,1909f56bfc062723c751e8b465ee728b)  -> (artifact id: '0a43bbf80aeab3c53d6c03a704b80a8f') in 0.010250 seconds 
========================================================================
Received Import Request.
  Time since last request: 0.000152 seconds.
  path: Assets/GUI Mobile Hyper-Casual/Sprites/Emojis PNG/PNG/Set Emojis-assets/24.png
  artifactKey: Guid(cf1bc71a6824f1e429bed198b1a596e8) Importer(815301076,1909f56bfc062723c751e8b465ee728b)
Start importing Assets/GUI Mobile Hyper-Casual/Sprites/Emojis PNG/PNG/Set Emojis-assets/24.png using Guid(cf1bc71a6824f1e429bed198b1a596e8) Importer(815301076,1909f56bfc062723c751e8b465ee728b)  -> (artifact id: '3546c58c7d62c7a17a7ac9cef87db0bc') in 0.009803 seconds 
========================================================================
Received Import Request.
  Time since last request: 0.000182 seconds.
  path: Assets/GUI Mobile Hyper-Casual/Sprites/Emojis PNG/PNG/Set Emojis-assets/16.png
  artifactKey: Guid(67b5c520997d48e4ea4b7efdebbb57e7) Importer(815301076,1909f56bfc062723c751e8b465ee728b)
Start importing Assets/GUI Mobile Hyper-Casual/Sprites/Emojis PNG/PNG/Set Emojis-assets/16.png using Guid(67b5c520997d48e4ea4b7efdebbb57e7) Importer(815301076,1909f56bfc062723c751e8b465ee728b)  -> (artifact id: '979ef80bff4ec28118966cfb646aa1d2') in 0.014753 seconds 
========================================================================
Received Import Request.
  Time since last request: 0.000157 seconds.
  path: Assets/GUI Mobile Hyper-Casual/Sprites/Emojis PNG/PNG/Set Emojis-assets/11.png
  artifactKey: Guid(8cacdcbb0fc41d544ac1812f264b2e20) Importer(815301076,1909f56bfc062723c751e8b465ee728b)
Start importing Assets/GUI Mobile Hyper-Casual/Sprites/Emojis PNG/PNG/Set Emojis-assets/11.png using Guid(8cacdcbb0fc41d544ac1812f264b2e20) Importer(815301076,1909f56bfc062723c751e8b465ee728b)  -> (artifact id: '65012ee428bd2f44608f1a78730b6f92') in 0.009777 seconds 
========================================================================
Received Import Request.
  Time since last request: 0.000153 seconds.
  path: Assets/GUI Mobile Hyper-Casual/Sprites/Emojis PNG/PNG/Set Emojis-assets/2.png
  artifactKey: Guid(e5d7a52377356dd41b31a97832b814db) Importer(815301076,1909f56bfc062723c751e8b465ee728b)
Start importing Assets/GUI Mobile Hyper-Casual/Sprites/Emojis PNG/PNG/Set Emojis-assets/2.png using Guid(e5d7a52377356dd41b31a97832b814db) Importer(815301076,1909f56bfc062723c751e8b465ee728b)  -> (artifact id: '2c28157c3bce864b6975313ea314b15e') in 0.008839 seconds 
========================================================================
Received Import Request.
  Time since last request: 0.000197 seconds.
  path: Assets/GUI Mobile Hyper-Casual/Sprites/Emojis PNG/PNG/Set Emojis-assets/5.png
  artifactKey: Guid(c07cc1c049d14ba479d9eb11e7761d15) Importer(815301076,1909f56bfc062723c751e8b465ee728b)
Start importing Assets/GUI Mobile Hyper-Casual/Sprites/Emojis PNG/PNG/Set Emojis-assets/5.png using Guid(c07cc1c049d14ba479d9eb11e7761d15) Importer(815301076,1909f56bfc062723c751e8b465ee728b)  -> (artifact id: '59a6fff0c7a07b49d7c78395f85fab22') in 0.009399 seconds 
========================================================================
Received Import Request.
  Time since last request: 0.000145 seconds.
  path: Assets/GUI Mobile Hyper-Casual/Sprites/Emojis PNG/PNG/Set Emojis-assets/3.png
  artifactKey: Guid(db7e0a9bb3c471e4bbde4adc6363c028) Importer(815301076,1909f56bfc062723c751e8b465ee728b)
Start importing Assets/GUI Mobile Hyper-Casual/Sprites/Emojis PNG/PNG/Set Emojis-assets/3.png using Guid(db7e0a9bb3c471e4bbde4adc6363c028) Importer(815301076,1909f56bfc062723c751e8b465ee728b)  -> (artifact id: '4eb00bcd974b9b3ab7ba9419fdff057f') in 0.008808 seconds 
========================================================================
Received Import Request.
  Time since last request: 0.000167 seconds.
  path: Assets/GUI Mobile Hyper-Casual/Sprites/Emojis PNG/PNG/Set Emojis-assets/8.png
  artifactKey: Guid(69e50719d8f70b74eba8f6ba4e9458aa) Importer(815301076,1909f56bfc062723c751e8b465ee728b)
Start importing Assets/GUI Mobile Hyper-Casual/Sprites/Emojis PNG/PNG/Set Emojis-assets/8.png using Guid(69e50719d8f70b74eba8f6ba4e9458aa) Importer(815301076,1909f56bfc062723c751e8b465ee728b)  -> (artifact id: '4928da7a1122b3254536982bac88b8a6') in 0.009591 seconds 
========================================================================
Received Import Request.
  Time since last request: 0.000117 seconds.
  path: Assets/GUI Mobile Hyper-Casual/Sprites/Emojis PNG/PNG/Set Emojis-assets/4.png
  artifactKey: Guid(c9a4b45888520e04db3ab3df78677557) Importer(815301076,1909f56bfc062723c751e8b465ee728b)
Start importing Assets/GUI Mobile Hyper-Casual/Sprites/Emojis PNG/PNG/Set Emojis-assets/4.png using Guid(c9a4b45888520e04db3ab3df78677557) Importer(815301076,1909f56bfc062723c751e8b465ee728b)  -> (artifact id: '08f0dba3bb935a966e6cf9f8f5fe6aa2') in 0.008726 seconds 
========================================================================
Received Import Request.
  Time since last request: 0.000161 seconds.
  path: Assets/GUI Mobile Hyper-Casual/Sprites/Emojis PNG/PNG/Set Emojis-assets/29.png
  artifactKey: Guid(ba70c883e1f8ae840958613121565dee) Importer(815301076,1909f56bfc062723c751e8b465ee728b)
Start importing Assets/GUI Mobile Hyper-Casual/Sprites/Emojis PNG/PNG/Set Emojis-assets/29.png using Guid(ba70c883e1f8ae840958613121565dee) Importer(815301076,1909f56bfc062723c751e8b465ee728b)  -> (artifact id: 'ea52e90784379cf87ee3fb3fd23090f3') in 0.008955 seconds 
========================================================================
Received Import Request.
  Time since last request: 0.000151 seconds.
  path: Assets/GUI Mobile Hyper-Casual/Sprites/Emojis PNG/PNG/Set Emojis-assets/21.png
  artifactKey: Guid(4af72c7c63c89564888729d51266af18) Importer(815301076,1909f56bfc062723c751e8b465ee728b)
Start importing Assets/GUI Mobile Hyper-Casual/Sprites/Emojis PNG/PNG/Set Emojis-assets/21.png using Guid(4af72c7c63c89564888729d51266af18) Importer(815301076,1909f56bfc062723c751e8b465ee728b)  -> (artifact id: '94ee40e888ea189499da4881f5a566a6') in 0.008992 seconds 
========================================================================
Received Import Request.
  Time since last request: 0.000139 seconds.
  path: Assets/GUI Mobile Hyper-Casual/Sprites/Emojis PNG/PNG/Set Emojis-assets/30.png
  artifactKey: Guid(148afe25a385c354ea5513b05202e9ff) Importer(815301076,1909f56bfc062723c751e8b465ee728b)
Start importing Assets/GUI Mobile Hyper-Casual/Sprites/Emojis PNG/PNG/Set Emojis-assets/30.png using Guid(148afe25a385c354ea5513b05202e9ff) Importer(815301076,1909f56bfc062723c751e8b465ee728b)  -> (artifact id: '272e226d8d6d53705fbd1f83ec9f09e6') in 0.009119 seconds 
========================================================================
Received Import Request.
  Time since last request: 0.000171 seconds.
  path: Assets/GUI Mobile Hyper-Casual/Sprites/Emojis PNG/PNG/Set Emojis-assets/7.png
  artifactKey: Guid(b5804e64dd2cd8745b0c1ba2141e631c) Importer(815301076,1909f56bfc062723c751e8b465ee728b)
Start importing Assets/GUI Mobile Hyper-Casual/Sprites/Emojis PNG/PNG/Set Emojis-assets/7.png using Guid(b5804e64dd2cd8745b0c1ba2141e631c) Importer(815301076,1909f56bfc062723c751e8b465ee728b)  -> (artifact id: 'bedd36f82dc2bc4782c156627fc3cb07') in 0.008287 seconds 
========================================================================
Received Import Request.
  Time since last request: 0.000189 seconds.
  path: Assets/GUI Mobile Hyper-Casual/Sprites/Emojis PNG/PNG/Set Emojis-assets/17.png
  artifactKey: Guid(0e78ecc4fde7f5e49bbd1d0531cd5f77) Importer(815301076,1909f56bfc062723c751e8b465ee728b)
Start importing Assets/GUI Mobile Hyper-Casual/Sprites/Emojis PNG/PNG/Set Emojis-assets/17.png using Guid(0e78ecc4fde7f5e49bbd1d0531cd5f77) Importer(815301076,1909f56bfc062723c751e8b465ee728b)  -> (artifact id: 'df358c04d42a2d8d5a13a4ada1098fda') in 0.008801 seconds 
========================================================================
Received Import Request.
  Time since last request: 0.000143 seconds.
  path: Assets/GUI Mobile Hyper-Casual/Sprites/Emojis PNG/PNG/Set Emojis-assets/18.png
  artifactKey: Guid(e9567fc2147a5a14799db2b8e6352294) Importer(815301076,1909f56bfc062723c751e8b465ee728b)
Start importing Assets/GUI Mobile Hyper-Casual/Sprites/Emojis PNG/PNG/Set Emojis-assets/18.png using Guid(e9567fc2147a5a14799db2b8e6352294) Importer(815301076,1909f56bfc062723c751e8b465ee728b)  -> (artifact id: '4bf0282188e55023a5cf06cc230ea1c2') in 0.009201 seconds 
========================================================================
Received Import Request.
  Time since last request: 0.000164 seconds.
  path: Assets/GUI Mobile Hyper-Casual/Sprites/Emojis PNG/PNG/Set Emojis-assets/25.png
  artifactKey: Guid(e8e3afab0ef96e94c85d2a3df1ece805) Importer(815301076,1909f56bfc062723c751e8b465ee728b)
Start importing Assets/GUI Mobile Hyper-Casual/Sprites/Emojis PNG/PNG/Set Emojis-assets/25.png using Guid(e8e3afab0ef96e94c85d2a3df1ece805) Importer(815301076,1909f56bfc062723c751e8b465ee728b)  -> (artifact id: '30679ba24dc1f1c105d0765ccc0ba7cb') in 0.009805 seconds 
========================================================================
Received Import Request.
  Time since last request: 0.000126 seconds.
  path: Assets/GUI Mobile Hyper-Casual/Sprites/Emojis PNG/PNG/Set Emojis-assets/23.png
  artifactKey: Guid(e2f3ef47d9e099b4bbeec8dae4be5e17) Importer(815301076,1909f56bfc062723c751e8b465ee728b)
Start importing Assets/GUI Mobile Hyper-Casual/Sprites/Emojis PNG/PNG/Set Emojis-assets/23.png using Guid(e2f3ef47d9e099b4bbeec8dae4be5e17) Importer(815301076,1909f56bfc062723c751e8b465ee728b)  -> (artifact id: '08b5f7476fb76fc07b9eeefd9c792c34') in 0.008788 seconds 
