
=== Wed Oct  6 15:34:07 2021

Packages were changed.
Update Mode: mergeDefaultDependencies

The following packages were added:
  com.unity.collab-proxy@1.9.0
  com.unity.ide.visualstudio@2.0.11
  com.unity.modules.ai@1.0.0
  com.unity.modules.cloth@1.0.0
  com.unity.modules.director@1.0.0
  com.unity.modules.physics2d@1.0.0
  com.unity.modules.terrain@1.0.0
  com.unity.modules.terrainphysics@1.0.0
  com.unity.modules.tilemap@1.0.0
  com.unity.modules.vehicles@1.0.0
  com.unity.modules.vr@1.0.0
  com.unity.modules.wind@1.0.0
  com.unity.modules.xr@1.0.0
  com.unity.timeline@1.4.8
The following packages were updated:
  com.unity.ide.rider from version 1.1.4 to 2.0.7
  com.unity.ide.vscode from version 1.2.3 to 1.2.4
  com.unity.mobile.android-logcat from version 1.2.0 to 1.2.3
  com.unity.mobile.notifications from version 1.0.3 to 1.4.2
  com.unity.test-framework from version 1.1.20 to 1.1.29
  com.unity.textmeshpro from version 2.1.3 to 3.0.6

=== Mon Oct 25 17:42:04 2021

Packages were changed.
Update Mode: updateDependencies

The following packages were updated:
  com.unity.collab-proxy from version 1.9.0 to 1.11.2
  com.unity.ide.rider from version 2.0.7 to 3.0.7
  com.unity.timeline from version 1.4.8 to 1.5.6

=== Thu Oct 28 03:20:29 2021

Packages were changed.
Update Mode: mergeDefaultDependencies

The following packages were added:
  com.unity.2d.sprite@1.0.0
  com.unity.2d.tilemap@1.0.0
  com.unity.ads@2.0.8
  com.unity.analytics@3.2.2
  com.unity.ext.nunit@1.0.0
  com.unity.package-manager-ui@2.2.0
  com.unity.purchasing@2.0.6

=== Tue Nov  2 12:51:57 2021

Packages were changed.
Update Mode: updateDependencies

The following packages were updated:
  com.unity.ads from version 2.0.8 to 3.7.5
  com.unity.analytics from version 3.2.2 to 3.6.11
  com.unity.collab-proxy from version 1.11.2 to 1.13.5
  com.unity.ext.nunit from version 1.0.0 to 1.0.6
  com.unity.purchasing from version 2.0.6 to 4.0.3
The following packages were removed:
  com.unity.package-manager-ui@2.2.0
